<?xml version="1.0" encoding="utf-8"?><testsuites name="pytest tests"><testsuite name="pytest" errors="0" failures="0" skipped="0" tests="12" time="23.185" timestamp="2026-08-05T19:17:57.172655+00:00" hostname="agent-env-f3ae7428-6976-4eb9-94bd-5224879d0522"><testcase classname="tests.backend_test" name="test_request_otp_returns_dev_code" time="0.170" /><testcase classname="tests.backend_test" name="test_verify_otp_invalid" time="0.079" /><testcase classname="tests.backend_test" name="test_google_silent" time="0.160" /><testcase classname="tests.backend_test" name="test_auth_me" time="0.173" /><testcase classname="tests.backend_test" name="test_quiz_leo" time="0.045" /><testcase classname="tests.backend_test" name="test_content_advisors" time="0.039" /><testcase classname="tests.backend_test" name="test_content_discover" time="0.039" /><testcase classname="tests.backend_test" name="test_billing_packs" time="0.080" /><testcase classname="tests.backend_test" name="test_chat_send_real_reply_and_decrement" time="5.706" /><testcase classname="tests.backend_test" name="test_chat_exhaust_credits_returns_402" time="13.668" /><testcase classname="tests.backend_test" name="test_payments_checkout_returns_stripe_url" time="1.456" /><testcase classname="tests.backend_test" name="test_payments_checkout_subscription" time="1.033" /></testsuite></testsuites>